

Started GET "/" for 127.0.0.1 at 2013-11-05 12:29:35 -0700
Processing by Rails::WelcomeController#index as HTML
  Rendered /usr/local/rvm/gems/ruby-2.0.0-p247@my_first_rails_app/gems/railties-4.0.0/lib/rails/templates/rails/welcome/index.html.erb (3.3ms)
Completed 200 OK in 57ms (Views: 15.8ms | ActiveRecord: 0.0ms)


Started GET "/hello" for 127.0.0.1 at 2013-11-05 12:29:44 -0700
Processing by WelcomeController#hello as HTML
  Rendered welcome/hello.html.erb within layouts/application (0.9ms)
Completed 200 OK in 1359ms (Views: 1357.8ms | ActiveRecord: 0.0ms)


Started GET "/assets/jquery.js?body=1" for 127.0.0.1 at 2013-11-05 12:29:45 -0700


Started GET "/assets/turbolinks.js?body=1" for 127.0.0.1 at 2013-11-05 12:29:45 -0700


Started GET "/assets/application.css?body=1" for 127.0.0.1 at 2013-11-05 12:29:45 -0700


Started GET "/assets/jquery_ujs.js?body=1" for 127.0.0.1 at 2013-11-05 12:29:45 -0700


Started GET "/assets/application.js?body=1" for 127.0.0.1 at 2013-11-05 12:29:45 -0700


Started GET "/hello/bob" for 127.0.0.1 at 2013-11-05 12:29:49 -0700
Processing by WelcomeController#hello as HTML
  Parameters: {"name"=>"bob"}
  Rendered welcome/hello.html.erb within layouts/application (0.4ms)
Completed 200 OK in 10ms (Views: 8.7ms | ActiveRecord: 0.0ms)


Started GET "/assets/jquery_ujs.js?body=1" for 127.0.0.1 at 2013-11-05 12:29:49 -0700


Started GET "/assets/turbolinks.js?body=1" for 127.0.0.1 at 2013-11-05 12:29:49 -0700


Started GET "/assets/jquery.js?body=1" for 127.0.0.1 at 2013-11-05 12:29:49 -0700


Started GET "/" for 127.0.0.1 at 2013-11-06 09:06:57 -0700
Processing by Rails::WelcomeController#index as HTML
  Rendered /usr/local/rvm/gems/ruby-2.0.0-p247/gems/railties-4.0.0/lib/rails/templates/rails/welcome/index.html.erb (2.1ms)
Completed 200 OK in 35ms (Views: 12.2ms | ActiveRecord: 0.0ms)


Started GET "/time/now" for 127.0.0.1 at 2013-11-06 09:07:05 -0700
Processing by WelcomeController#time as HTML
  Rendered welcome/time.html.erb within layouts/application (3.4ms)
Completed 500 Internal Server Error in 7ms

ActionView::Template::Error (undefined method `asc' for 2013-11-06 16:07:05 UTC:Time):
    1: <h1><%= Time.now.utc.asc %></h1>
  app/views/welcome/time.html.erb:1:in `_app_views_welcome_time_html_erb___4152894481288699656_70178891196100'


  Rendered /usr/local/rvm/gems/ruby-2.0.0-p247/gems/actionpack-4.0.0/lib/action_dispatch/middleware/templates/rescues/_trace.erb (1.5ms)
  Rendered /usr/local/rvm/gems/ruby-2.0.0-p247/gems/actionpack-4.0.0/lib/action_dispatch/middleware/templates/rescues/_request_and_response.erb (1.1ms)
  Rendered /usr/local/rvm/gems/ruby-2.0.0-p247/gems/actionpack-4.0.0/lib/action_dispatch/middleware/templates/rescues/template_error.erb within rescues/layout (14.9ms)


Started GET "/time/now" for 127.0.0.1 at 2013-11-06 09:08:21 -0700
Processing by WelcomeController#time as HTML
  Rendered welcome/time.html.erb within layouts/application (0.4ms)
Completed 200 OK in 570ms (Views: 569.0ms | ActiveRecord: 0.0ms)


Started GET "/assets/application.css?body=1" for 127.0.0.1 at 2013-11-06 09:08:22 -0700


Started GET "/assets/jquery.js?body=1" for 127.0.0.1 at 2013-11-06 09:08:22 -0700


Started GET "/assets/jquery_ujs.js?body=1" for 127.0.0.1 at 2013-11-06 09:08:22 -0700


Started GET "/assets/application.js?body=1" for 127.0.0.1 at 2013-11-06 09:08:22 -0700


Started GET "/assets/turbolinks.js?body=1" for 127.0.0.1 at 2013-11-06 09:08:22 -0700


Started GET "/time/now" for 127.0.0.1 at 2013-11-06 09:09:21 -0700
Processing by WelcomeController#time as HTML
ERROR: compiling _app_views_welcome_time_html_erb___4152894481288699656_70178891266740 RAISED /Users/scottnoble/workspace/my_first_rails_app/app/views/welcome/time.html.erb:1: syntax error, unexpected tCONSTANT, expecting ')'
...nd=( "The current time is "Time.now.utc.asctime );@output_bu...
...                               ^
Function body:           def _app_views_welcome_time_html_erb___4152894481288699656_70178891266740(local_assigns, output_buffer)
            _old_virtual_path, @virtual_path = @virtual_path, "welcome/time";_old_output_buffer = @output_buffer;;@output_buffer = output_buffer || ActionView::OutputBuffer.new;@output_buffer.safe_append='<h1>';@output_buffer.append=( "The current time is "Time.now.utc.asctime );@output_buffer.safe_append='</h1>
';@output_buffer.to_s
          ensure
            @virtual_path, @output_buffer = _old_virtual_path, _old_output_buffer
          end

Backtrace: /usr/local/rvm/gems/ruby-2.0.0-p247/gems/actionpack-4.0.0/lib/action_view/template.rb:299:in `module_eval'
/usr/local/rvm/gems/ruby-2.0.0-p247/gems/actionpack-4.0.0/lib/action_view/template.rb:299:in `compile'
/usr/local/rvm/gems/ruby-2.0.0-p247/gems/actionpack-4.0.0/lib/action_view/template.rb:248:in `block in compile!'
/usr/local/rvm/gems/ruby-2.0.0-p247/gems/actionpack-4.0.0/lib/action_view/template.rb:236:in `synchronize'
/usr/local/rvm/gems/ruby-2.0.0-p247/gems/actionpack-4.0.0/lib/action_view/template.rb:236:in `compile!'
/usr/local/rvm/gems/ruby-2.0.0-p247/gems/actionpack-4.0.0/lib/action_view/template.rb:142:in `block in render'
/usr/local/rvm/gems/ruby-2.0.0-p247/gems/activesupport-4.0.0/lib/active_support/notifications.rb:161:in `instrument'
/usr/local/rvm/gems/ruby-2.0.0-p247/gems/actionpack-4.0.0/lib/action_view/template.rb:141:in `render'
/usr/local/rvm/gems/ruby-2.0.0-p247/gems/actionpack-4.0.0/lib/action_view/renderer/template_renderer.rb:49:in `block (2 levels) in render_template'
/usr/local/rvm/gems/ruby-2.0.0-p247/gems/actionpack-4.0.0/lib/action_view/renderer/abstract_renderer.rb:38:in `block in instrument'
/usr/local/rvm/gems/ruby-2.0.0-p247/gems/activesupport-4.0.0/lib/active_support/notifications.rb:159:in `block in instrument'
/usr/local/rvm/gems/ruby-2.0.0-p247/gems/activesupport-4.0.0/lib/active_support/notifications/instrumenter.rb:20:in `instrument'
/usr/local/rvm/gems/ruby-2.0.0-p247/gems/activesupport-4.0.0/lib/active_support/notifications.rb:159:in `instrument'
/usr/local/rvm/gems/ruby-2.0.0-p247/gems/actionpack-4.0.0/lib/action_view/renderer/abstract_renderer.rb:38:in `instrument'
/usr/local/rvm/gems/ruby-2.0.0-p247/gems/actionpack-4.0.0/lib/action_view/renderer/template_renderer.rb:48:in `block in render_template'
/usr/local/rvm/gems/ruby-2.0.0-p247/gems/actionpack-4.0.0/lib/action_view/renderer/template_renderer.rb:56:in `render_with_layout'
/usr/local/rvm/gems/ruby-2.0.0-p247/gems/actionpack-4.0.0/lib/action_view/renderer/template_renderer.rb:47:in `render_template'
/usr/local/rvm/gems/ruby-2.0.0-p247/gems/actionpack-4.0.0/lib/action_view/renderer/template_renderer.rb:17:in `render'
/usr/local/rvm/gems/ruby-2.0.0-p247/gems/actionpack-4.0.0/lib/action_view/renderer/renderer.rb:42:in `render_template'
/usr/local/rvm/gems/ruby-2.0.0-p247/gems/actionpack-4.0.0/lib/action_view/renderer/renderer.rb:23:in `render'
/usr/local/rvm/gems/ruby-2.0.0-p247/gems/actionpack-4.0.0/lib/abstract_controller/rendering.rb:127:in `_render_template'
/usr/local/rvm/gems/ruby-2.0.0-p247/gems/actionpack-4.0.0/lib/action_controller/metal/streaming.rb:219:in `_render_template'
/usr/local/rvm/gems/ruby-2.0.0-p247/gems/actionpack-4.0.0/lib/abstract_controller/rendering.rb:120:in `render_to_body'
/usr/local/rvm/gems/ruby-2.0.0-p247/gems/actionpack-4.0.0/lib/action_controller/metal/rendering.rb:33:in `render_to_body'
/usr/local/rvm/gems/ruby-2.0.0-p247/gems/actionpack-4.0.0/lib/action_controller/metal/renderers.rb:26:in `render_to_body'
/usr/local/rvm/gems/ruby-2.0.0-p247/gems/actionpack-4.0.0/lib/abstract_controller/rendering.rb:97:in `render'
/usr/local/rvm/gems/ruby-2.0.0-p247/gems/actionpack-4.0.0/lib/action_controller/metal/rendering.rb:16:in `render'
/usr/local/rvm/gems/ruby-2.0.0-p247/gems/actionpack-4.0.0/lib/action_controller/metal/instrumentation.rb:41:in `block (2 levels) in render'
/usr/local/rvm/gems/ruby-2.0.0-p247/gems/activesupport-4.0.0/lib/active_support/core_ext/benchmark.rb:12:in `block in ms'
/usr/local/rvm/rubies/ruby-2.0.0-p247/lib/ruby/2.0.0/benchmark.rb:296:in `realtime'
/usr/local/rvm/gems/ruby-2.0.0-p247/gems/activesupport-4.0.0/lib/active_support/core_ext/benchmark.rb:12:in `ms'
/usr/local/rvm/gems/ruby-2.0.0-p247/gems/actionpack-4.0.0/lib/action_controller/metal/instrumentation.rb:41:in `block in render'
/usr/local/rvm/gems/ruby-2.0.0-p247/gems/actionpack-4.0.0/lib/action_controller/metal/instrumentation.rb:84:in `cleanup_view_runtime'
/usr/local/rvm/gems/ruby-2.0.0-p247/gems/activerecord-4.0.0/lib/active_record/railties/controller_runtime.rb:25:in `cleanup_view_runtime'
/usr/local/rvm/gems/ruby-2.0.0-p247/gems/actionpack-4.0.0/lib/action_controller/metal/instrumentation.rb:40:in `render'
/usr/local/rvm/gems/ruby-2.0.0-p247/gems/actionpack-4.0.0/lib/action_controller/metal/implicit_render.rb:10:in `default_render'
/usr/local/rvm/gems/ruby-2.0.0-p247/gems/actionpack-4.0.0/lib/action_controller/metal/implicit_render.rb:5:in `send_action'
/usr/local/rvm/gems/ruby-2.0.0-p247/gems/actionpack-4.0.0/lib/abstract_controller/base.rb:189:in `process_action'
/usr/local/rvm/gems/ruby-2.0.0-p247/gems/actionpack-4.0.0/lib/action_controller/metal/rendering.rb:10:in `process_action'
/usr/local/rvm/gems/ruby-2.0.0-p247/gems/actionpack-4.0.0/lib/abstract_controller/callbacks.rb:18:in `block in process_action'
/usr/local/rvm/gems/ruby-2.0.0-p247/gems/activesupport-4.0.0/lib/active_support/callbacks.rb:403:in `_run__2611439730269253207__process_action__callbacks'
/usr/local/rvm/gems/ruby-2.0.0-p247/gems/activesupport-4.0.0/lib/active_support/callbacks.rb:80:in `run_callbacks'
/usr/local/rvm/gems/ruby-2.0.0-p247/gems/actionpack-4.0.0/lib/abstract_controller/callbacks.rb:17:in `process_action'
/usr/local/rvm/gems/ruby-2.0.0-p247/gems/actionpack-4.0.0/lib/action_controller/metal/rescue.rb:29:in `process_action'
/usr/local/rvm/gems/ruby-2.0.0-p247/gems/actionpack-4.0.0/lib/action_controller/metal/instrumentation.rb:31:in `block in process_action'
/usr/local/rvm/gems/ruby-2.0.0-p247/gems/activesupport-4.0.0/lib/active_support/notifications.rb:159:in `block in instrument'
/usr/local/rvm/gems/ruby-2.0.0-p247/gems/activesupport-4.0.0/lib/active_support/notifications/instrumenter.rb:20:in `instrument'
/usr/local/rvm/gems/ruby-2.0.0-p247/gems/activesupport-4.0.0/lib/active_support/notifications.rb:159:in `instrument'
/usr/local/rvm/gems/ruby-2.0.0-p247/gems/actionpack-4.0.0/lib/action_controller/metal/instrumentation.rb:30:in `process_action'
/usr/local/rvm/gems/ruby-2.0.0-p247/gems/actionpack-4.0.0/lib/action_controller/metal/params_wrapper.rb:245:in `process_action'
/usr/local/rvm/gems/ruby-2.0.0-p247/gems/activerecord-4.0.0/lib/active_record/railties/controller_runtime.rb:18:in `process_action'
/usr/local/rvm/gems/ruby-2.0.0-p247/gems/actionpack-4.0.0/lib/abstract_controller/base.rb:136:in `process'
/usr/local/rvm/gems/ruby-2.0.0-p247/gems/actionpack-4.0.0/lib/abstract_controller/rendering.rb:44:in `process'
/usr/local/rvm/gems/ruby-2.0.0-p247/gems/actionpack-4.0.0/lib/action_controller/metal.rb:195:in `dispatch'
/usr/local/rvm/gems/ruby-2.0.0-p247/gems/actionpack-4.0.0/lib/action_controller/metal/rack_delegation.rb:13:in `dispatch'
/usr/local/rvm/gems/ruby-2.0.0-p247/gems/actionpack-4.0.0/lib/action_controller/metal.rb:231:in `block in action'
/usr/local/rvm/gems/ruby-2.0.0-p247/gems/actionpack-4.0.0/lib/action_dispatch/routing/route_set.rb:80:in `call'
/usr/local/rvm/gems/ruby-2.0.0-p247/gems/actionpack-4.0.0/lib/action_dispatch/routing/route_set.rb:80:in `dispatch'
/usr/local/rvm/gems/ruby-2.0.0-p247/gems/actionpack-4.0.0/lib/action_dispatch/routing/route_set.rb:48:in `call'
/usr/local/rvm/gems/ruby-2.0.0-p247/gems/actionpack-4.0.0/lib/action_dispatch/journey/router.rb:71:in `block in call'
/usr/local/rvm/gems/ruby-2.0.0-p247/gems/actionpack-4.0.0/lib/action_dispatch/journey/router.rb:59:in `each'
/usr/local/rvm/gems/ruby-2.0.0-p247/gems/actionpack-4.0.0/lib/action_dispatch/journey/router.rb:59:in `call'
/usr/local/rvm/gems/ruby-2.0.0-p247/gems/actionpack-4.0.0/lib/action_dispatch/routing/route_set.rb:655:in `call'
/usr/local/rvm/gems/ruby-2.0.0-p247/gems/rack-1.5.2/lib/rack/etag.rb:23:in `call'
/usr/local/rvm/gems/ruby-2.0.0-p247/gems/rack-1.5.2/lib/rack/conditionalget.rb:25:in `call'
/usr/local/rvm/gems/ruby-2.0.0-p247/gems/rack-1.5.2/lib/rack/head.rb:11:in `call'
/usr/local/rvm/gems/ruby-2.0.0-p247/gems/actionpack-4.0.0/lib/action_dispatch/middleware/params_parser.rb:27:in `call'
/usr/local/rvm/gems/ruby-2.0.0-p247/gems/actionpack-4.0.0/lib/action_dispatch/middleware/flash.rb:241:in `call'
/usr/local/rvm/gems/ruby-2.0.0-p247/gems/rack-1.5.2/lib/rack/session/abstract/id.rb:225:in `context'
/usr/local/rvm/gems/ruby-2.0.0-p247/gems/rack-1.5.2/lib/rack/session/abstract/id.rb:220:in `call'
/usr/local/rvm/gems/ruby-2.0.0-p247/gems/actionpack-4.0.0/lib/action_dispatch/middleware/cookies.rb:486:in `call'
/usr/local/rvm/gems/ruby-2.0.0-p247/gems/activerecord-4.0.0/lib/active_record/query_cache.rb:36:in `call'
/usr/local/rvm/gems/ruby-2.0.0-p247/gems/activerecord-4.0.0/lib/active_record/connection_adapters/abstract/connection_pool.rb:626:in `call'
/usr/local/rvm/gems/ruby-2.0.0-p247/gems/activerecord-4.0.0/lib/active_record/migration.rb:369:in `call'
/usr/local/rvm/gems/ruby-2.0.0-p247/gems/actionpack-4.0.0/lib/action_dispatch/middleware/callbacks.rb:29:in `block in call'
/usr/local/rvm/gems/ruby-2.0.0-p247/gems/activesupport-4.0.0/lib/active_support/callbacks.rb:373:in `_run__391947113177683973__call__callbacks'
/usr/local/rvm/gems/ruby-2.0.0-p247/gems/activesupport-4.0.0/lib/active_support/callbacks.rb:80:in `run_callbacks'
/usr/local/rvm/gems/ruby-2.0.0-p247/gems/actionpack-4.0.0/lib/action_dispatch/middleware/callbacks.rb:27:in `call'
/usr/local/rvm/gems/ruby-2.0.0-p247/gems/actionpack-4.0.0/lib/action_dispatch/middleware/reloader.rb:64:in `call'
/usr/local/rvm/gems/ruby-2.0.0-p247/gems/actionpack-4.0.0/lib/action_dispatch/middleware/remote_ip.rb:76:in `call'
/usr/local/rvm/gems/ruby-2.0.0-p247/gems/actionpack-4.0.0/lib/action_dispatch/middleware/debug_exceptions.rb:17:in `call'
/usr/local/rvm/gems/ruby-2.0.0-p247/gems/actionpack-4.0.0/lib/action_dispatch/middleware/show_exceptions.rb:30:in `call'
/usr/local/rvm/gems/ruby-2.0.0-p247/gems/railties-4.0.0/lib/rails/rack/logger.rb:38:in `call_app'
/usr/local/rvm/gems/ruby-2.0.0-p247/gems/railties-4.0.0/lib/rails/rack/logger.rb:21:in `block in call'
/usr/local/rvm/gems/ruby-2.0.0-p247/gems/activesupport-4.0.0/lib/active_support/tagged_logging.rb:67:in `block in tagged'
/usr/local/rvm/gems/ruby-2.0.0-p247/gems/activesupport-4.0.0/lib/active_support/tagged_logging.rb:25:in `tagged'
/usr/local/rvm/gems/ruby-2.0.0-p247/gems/activesupport-4.0.0/lib/active_support/tagged_logging.rb:67:in `tagged'
/usr/local/rvm/gems/ruby-2.0.0-p247/gems/railties-4.0.0/lib/rails/rack/logger.rb:21:in `call'
/usr/local/rvm/gems/ruby-2.0.0-p247/gems/actionpack-4.0.0/lib/action_dispatch/middleware/request_id.rb:21:in `call'
/usr/local/rvm/gems/ruby-2.0.0-p247/gems/rack-1.5.2/lib/rack/methodoverride.rb:21:in `call'
/usr/local/rvm/gems/ruby-2.0.0-p247/gems/rack-1.5.2/lib/rack/runtime.rb:17:in `call'
/usr/local/rvm/gems/ruby-2.0.0-p247/gems/activesupport-4.0.0/lib/active_support/cache/strategy/local_cache.rb:83:in `call'
/usr/local/rvm/gems/ruby-2.0.0-p247/gems/rack-1.5.2/lib/rack/lock.rb:17:in `call'
/usr/local/rvm/gems/ruby-2.0.0-p247/gems/actionpack-4.0.0/lib/action_dispatch/middleware/static.rb:64:in `call'
/usr/local/rvm/gems/ruby-2.0.0-p247/gems/railties-4.0.0/lib/rails/engine.rb:511:in `call'
/usr/local/rvm/gems/ruby-2.0.0-p247/gems/railties-4.0.0/lib/rails/application.rb:97:in `call'
/usr/local/rvm/gems/ruby-2.0.0-p247/gems/rack-1.5.2/lib/rack/lock.rb:17:in `call'
/usr/local/rvm/gems/ruby-2.0.0-p247/gems/rack-1.5.2/lib/rack/content_length.rb:14:in `call'
/usr/local/rvm/gems/ruby-2.0.0-p247/gems/rack-1.5.2/lib/rack/handler/webrick.rb:60:in `service'
/usr/local/rvm/rubies/ruby-2.0.0-p247/lib/ruby/2.0.0/webrick/httpserver.rb:138:in `service'
/usr/local/rvm/rubies/ruby-2.0.0-p247/lib/ruby/2.0.0/webrick/httpserver.rb:94:in `run'
/usr/local/rvm/rubies/ruby-2.0.0-p247/lib/ruby/2.0.0/webrick/server.rb:295:in `block in start_thread'
  Rendered welcome/time.html.erb within layouts/application (12.4ms)
Completed 500 Internal Server Error in 15ms

ActionView::Template::Error (/Users/scottnoble/workspace/my_first_rails_app/app/views/welcome/time.html.erb:1: syntax error, unexpected tCONSTANT, expecting ')'
...nd=( "The current time is "Time.now.utc.asctime );@output_bu...
...                               ^):
    1: <h1><%= "The current time is "Time.now.utc.asctime %></h1>
  actionpack (4.0.0) lib/action_view/template.rb:299:in `module_eval'
  actionpack (4.0.0) lib/action_view/template.rb:299:in `compile'
  actionpack (4.0.0) lib/action_view/template.rb:248:in `block in compile!'
  actionpack (4.0.0) lib/action_view/template.rb:236:in `synchronize'
  actionpack (4.0.0) lib/action_view/template.rb:236:in `compile!'
  actionpack (4.0.0) lib/action_view/template.rb:142:in `block in render'
  activesupport (4.0.0) lib/active_support/notifications.rb:161:in `instrument'
  actionpack (4.0.0) lib/action_view/template.rb:141:in `render'
  actionpack (4.0.0) lib/action_view/renderer/template_renderer.rb:49:in `block (2 levels) in render_template'
  actionpack (4.0.0) lib/action_view/renderer/abstract_renderer.rb:38:in `block in instrument'
  activesupport (4.0.0) lib/active_support/notifications.rb:159:in `block in instrument'
  activesupport (4.0.0) lib/active_support/notifications/instrumenter.rb:20:in `instrument'
  activesupport (4.0.0) lib/active_support/notifications.rb:159:in `instrument'
  actionpack (4.0.0) lib/action_view/renderer/abstract_renderer.rb:38:in `instrument'
  actionpack (4.0.0) lib/action_view/renderer/template_renderer.rb:48:in `block in render_template'
  actionpack (4.0.0) lib/action_view/renderer/template_renderer.rb:56:in `render_with_layout'
  actionpack (4.0.0) lib/action_view/renderer/template_renderer.rb:47:in `render_template'
  actionpack (4.0.0) lib/action_view/renderer/template_renderer.rb:17:in `render'
  actionpack (4.0.0) lib/action_view/renderer/renderer.rb:42:in `render_template'
  actionpack (4.0.0) lib/action_view/renderer/renderer.rb:23:in `render'
  actionpack (4.0.0) lib/abstract_controller/rendering.rb:127:in `_render_template'
  actionpack (4.0.0) lib/action_controller/metal/streaming.rb:219:in `_render_template'
  actionpack (4.0.0) lib/abstract_controller/rendering.rb:120:in `render_to_body'
  actionpack (4.0.0) lib/action_controller/metal/rendering.rb:33:in `render_to_body'
  actionpack (4.0.0) lib/action_controller/metal/renderers.rb:26:in `render_to_body'
  actionpack (4.0.0) lib/abstract_controller/rendering.rb:97:in `render'
  actionpack (4.0.0) lib/action_controller/metal/rendering.rb:16:in `render'
  actionpack (4.0.0) lib/action_controller/metal/instrumentation.rb:41:in `block (2 levels) in render'
  activesupport (4.0.0) lib/active_support/core_ext/benchmark.rb:12:in `block in ms'
  /usr/local/rvm/rubies/ruby-2.0.0-p247/lib/ruby/2.0.0/benchmark.rb:296:in `realtime'
  activesupport (4.0.0) lib/active_support/core_ext/benchmark.rb:12:in `ms'
  actionpack (4.0.0) lib/action_controller/metal/instrumentation.rb:41:in `block in render'
  actionpack (4.0.0) lib/action_controller/metal/instrumentation.rb:84:in `cleanup_view_runtime'
  activerecord (4.0.0) lib/active_record/railties/controller_runtime.rb:25:in `cleanup_view_runtime'
  actionpack (4.0.0) lib/action_controller/metal/instrumentation.rb:40:in `render'
  actionpack (4.0.0) lib/action_controller/metal/implicit_render.rb:10:in `default_render'
  actionpack (4.0.0) lib/action_controller/metal/implicit_render.rb:5:in `send_action'
  actionpack (4.0.0) lib/abstract_controller/base.rb:189:in `process_action'
  actionpack (4.0.0) lib/action_controller/metal/rendering.rb:10:in `process_action'
  actionpack (4.0.0) lib/abstract_controller/callbacks.rb:18:in `block in process_action'
  activesupport (4.0.0) lib/active_support/callbacks.rb:403:in `_run__2611439730269253207__process_action__callbacks'
  activesupport (4.0.0) lib/active_support/callbacks.rb:80:in `run_callbacks'
  actionpack (4.0.0) lib/abstract_controller/callbacks.rb:17:in `process_action'
  actionpack (4.0.0) lib/action_controller/metal/rescue.rb:29:in `process_action'
  actionpack (4.0.0) lib/action_controller/metal/instrumentation.rb:31:in `block in process_action'
  activesupport (4.0.0) lib/active_support/notifications.rb:159:in `block in instrument'
  activesupport (4.0.0) lib/active_support/notifications/instrumenter.rb:20:in `instrument'
  activesupport (4.0.0) lib/active_support/notifications.rb:159:in `instrument'
  actionpack (4.0.0) lib/action_controller/metal/instrumentation.rb:30:in `process_action'
  actionpack (4.0.0) lib/action_controller/metal/params_wrapper.rb:245:in `process_action'
  activerecord (4.0.0) lib/active_record/railties/controller_runtime.rb:18:in `process_action'
  actionpack (4.0.0) lib/abstract_controller/base.rb:136:in `process'
  actionpack (4.0.0) lib/abstract_controller/rendering.rb:44:in `process'
  actionpack (4.0.0) lib/action_controller/metal.rb:195:in `dispatch'
  actionpack (4.0.0) lib/action_controller/metal/rack_delegation.rb:13:in `dispatch'
  actionpack (4.0.0) lib/action_controller/metal.rb:231:in `block in action'
  actionpack (4.0.0) lib/action_dispatch/routing/route_set.rb:80:in `call'
  actionpack (4.0.0) lib/action_dispatch/routing/route_set.rb:80:in `dispatch'
  actionpack (4.0.0) lib/action_dispatch/routing/route_set.rb:48:in `call'
  actionpack (4.0.0) lib/action_dispatch/journey/router.rb:71:in `block in call'
  actionpack (4.0.0) lib/action_dispatch/journey/router.rb:59:in `each'
  actionpack (4.0.0) lib/action_dispatch/journey/router.rb:59:in `call'
  actionpack (4.0.0) lib/action_dispatch/routing/route_set.rb:655:in `call'
  rack (1.5.2) lib/rack/etag.rb:23:in `call'
  rack (1.5.2) lib/rack/conditionalget.rb:25:in `call'
  rack (1.5.2) lib/rack/head.rb:11:in `call'
  actionpack (4.0.0) lib/action_dispatch/middleware/params_parser.rb:27:in `call'
  actionpack (4.0.0) lib/action_dispatch/middleware/flash.rb:241:in `call'
  rack (1.5.2) lib/rack/session/abstract/id.rb:225:in `context'
  rack (1.5.2) lib/rack/session/abstract/id.rb:220:in `call'
  actionpack (4.0.0) lib/action_dispatch/middleware/cookies.rb:486:in `call'
  activerecord (4.0.0) lib/active_record/query_cache.rb:36:in `call'
  activerecord (4.0.0) lib/active_record/connection_adapters/abstract/connection_pool.rb:626:in `call'
  activerecord (4.0.0) lib/active_record/migration.rb:369:in `call'
  actionpack (4.0.0) lib/action_dispatch/middleware/callbacks.rb:29:in `block in call'
  activesupport (4.0.0) lib/active_support/callbacks.rb:373:in `_run__391947113177683973__call__callbacks'
  activesupport (4.0.0) lib/active_support/callbacks.rb:80:in `run_callbacks'
  actionpack (4.0.0) lib/action_dispatch/middleware/callbacks.rb:27:in `call'
  actionpack (4.0.0) lib/action_dispatch/middleware/reloader.rb:64:in `call'
  actionpack (4.0.0) lib/action_dispatch/middleware/remote_ip.rb:76:in `call'
  actionpack (4.0.0) lib/action_dispatch/middleware/debug_exceptions.rb:17:in `call'
  actionpack (4.0.0) lib/action_dispatch/middleware/show_exceptions.rb:30:in `call'
  railties (4.0.0) lib/rails/rack/logger.rb:38:in `call_app'
  railties (4.0.0) lib/rails/rack/logger.rb:21:in `block in call'
  activesupport (4.0.0) lib/active_support/tagged_logging.rb:67:in `block in tagged'
  activesupport (4.0.0) lib/active_support/tagged_logging.rb:25:in `tagged'
  activesupport (4.0.0) lib/active_support/tagged_logging.rb:67:in `tagged'
  railties (4.0.0) lib/rails/rack/logger.rb:21:in `call'
  actionpack (4.0.0) lib/action_dispatch/middleware/request_id.rb:21:in `call'
  rack (1.5.2) lib/rack/methodoverride.rb:21:in `call'
  rack (1.5.2) lib/rack/runtime.rb:17:in `call'
  activesupport (4.0.0) lib/active_support/cache/strategy/local_cache.rb:83:in `call'
  rack (1.5.2) lib/rack/lock.rb:17:in `call'
  actionpack (4.0.0) lib/action_dispatch/middleware/static.rb:64:in `call'
  railties (4.0.0) lib/rails/engine.rb:511:in `call'
  railties (4.0.0) lib/rails/application.rb:97:in `call'
  rack (1.5.2) lib/rack/lock.rb:17:in `call'
  rack (1.5.2) lib/rack/content_length.rb:14:in `call'
  rack (1.5.2) lib/rack/handler/webrick.rb:60:in `service'
  /usr/local/rvm/rubies/ruby-2.0.0-p247/lib/ruby/2.0.0/webrick/httpserver.rb:138:in `service'
  /usr/local/rvm/rubies/ruby-2.0.0-p247/lib/ruby/2.0.0/webrick/httpserver.rb:94:in `run'
  /usr/local/rvm/rubies/ruby-2.0.0-p247/lib/ruby/2.0.0/webrick/server.rb:295:in `block in start_thread'


  Rendered /usr/local/rvm/gems/ruby-2.0.0-p247/gems/actionpack-4.0.0/lib/action_dispatch/middleware/templates/rescues/_trace.erb (1.1ms)
  Rendered /usr/local/rvm/gems/ruby-2.0.0-p247/gems/actionpack-4.0.0/lib/action_dispatch/middleware/templates/rescues/_request_and_response.erb (0.9ms)
  Rendered /usr/local/rvm/gems/ruby-2.0.0-p247/gems/actionpack-4.0.0/lib/action_dispatch/middleware/templates/rescues/template_error.erb within rescues/layout (10.5ms)


Started GET "/time/now" for 127.0.0.1 at 2013-11-06 09:09:36 -0700
Processing by WelcomeController#time as HTML
ERROR: compiling _app_views_welcome_time_html_erb___4152894481288699656_70178890191660 RAISED /Users/scottnoble/workspace/my_first_rails_app/app/views/welcome/time.html.erb:1: syntax error, unexpected tCONSTANT, expecting ')'
...d=( "The current time is " Time.now.utc.asctime );@output_bu...
...                               ^
Function body:           def _app_views_welcome_time_html_erb___4152894481288699656_70178890191660(local_assigns, output_buffer)
            _old_virtual_path, @virtual_path = @virtual_path, "welcome/time";_old_output_buffer = @output_buffer;;@output_buffer = output_buffer || ActionView::OutputBuffer.new;@output_buffer.safe_append='<h1>';@output_buffer.append=( "The current time is " Time.now.utc.asctime );@output_buffer.safe_append='</h1>
';@output_buffer.to_s
          ensure
            @virtual_path, @output_buffer = _old_virtual_path, _old_output_buffer
          end

Backtrace: /usr/local/rvm/gems/ruby-2.0.0-p247/gems/actionpack-4.0.0/lib/action_view/template.rb:299:in `module_eval'
/usr/local/rvm/gems/ruby-2.0.0-p247/gems/actionpack-4.0.0/lib/action_view/template.rb:299:in `compile'
/usr/local/rvm/gems/ruby-2.0.0-p247/gems/actionpack-4.0.0/lib/action_view/template.rb:248:in `block in compile!'
/usr/local/rvm/gems/ruby-2.0.0-p247/gems/actionpack-4.0.0/lib/action_view/template.rb:236:in `synchronize'
/usr/local/rvm/gems/ruby-2.0.0-p247/gems/actionpack-4.0.0/lib/action_view/template.rb:236:in `compile!'
/usr/local/rvm/gems/ruby-2.0.0-p247/gems/actionpack-4.0.0/lib/action_view/template.rb:142:in `block in render'
/usr/local/rvm/gems/ruby-2.0.0-p247/gems/activesupport-4.0.0/lib/active_support/notifications.rb:161:in `instrument'
/usr/local/rvm/gems/ruby-2.0.0-p247/gems/actionpack-4.0.0/lib/action_view/template.rb:141:in `render'
/usr/local/rvm/gems/ruby-2.0.0-p247/gems/actionpack-4.0.0/lib/action_view/renderer/template_renderer.rb:49:in `block (2 levels) in render_template'
/usr/local/rvm/gems/ruby-2.0.0-p247/gems/actionpack-4.0.0/lib/action_view/renderer/abstract_renderer.rb:38:in `block in instrument'
/usr/local/rvm/gems/ruby-2.0.0-p247/gems/activesupport-4.0.0/lib/active_support/notifications.rb:159:in `block in instrument'
/usr/local/rvm/gems/ruby-2.0.0-p247/gems/activesupport-4.0.0/lib/active_support/notifications/instrumenter.rb:20:in `instrument'
/usr/local/rvm/gems/ruby-2.0.0-p247/gems/activesupport-4.0.0/lib/active_support/notifications.rb:159:in `instrument'
/usr/local/rvm/gems/ruby-2.0.0-p247/gems/actionpack-4.0.0/lib/action_view/renderer/abstract_renderer.rb:38:in `instrument'
/usr/local/rvm/gems/ruby-2.0.0-p247/gems/actionpack-4.0.0/lib/action_view/renderer/template_renderer.rb:48:in `block in render_template'
/usr/local/rvm/gems/ruby-2.0.0-p247/gems/actionpack-4.0.0/lib/action_view/renderer/template_renderer.rb:56:in `render_with_layout'
/usr/local/rvm/gems/ruby-2.0.0-p247/gems/actionpack-4.0.0/lib/action_view/renderer/template_renderer.rb:47:in `render_template'
/usr/local/rvm/gems/ruby-2.0.0-p247/gems/actionpack-4.0.0/lib/action_view/renderer/template_renderer.rb:17:in `render'
/usr/local/rvm/gems/ruby-2.0.0-p247/gems/actionpack-4.0.0/lib/action_view/renderer/renderer.rb:42:in `render_template'
/usr/local/rvm/gems/ruby-2.0.0-p247/gems/actionpack-4.0.0/lib/action_view/renderer/renderer.rb:23:in `render'
/usr/local/rvm/gems/ruby-2.0.0-p247/gems/actionpack-4.0.0/lib/abstract_controller/rendering.rb:127:in `_render_template'
/usr/local/rvm/gems/ruby-2.0.0-p247/gems/actionpack-4.0.0/lib/action_controller/metal/streaming.rb:219:in `_render_template'
/usr/local/rvm/gems/ruby-2.0.0-p247/gems/actionpack-4.0.0/lib/abstract_controller/rendering.rb:120:in `render_to_body'
/usr/local/rvm/gems/ruby-2.0.0-p247/gems/actionpack-4.0.0/lib/action_controller/metal/rendering.rb:33:in `render_to_body'
/usr/local/rvm/gems/ruby-2.0.0-p247/gems/actionpack-4.0.0/lib/action_controller/metal/renderers.rb:26:in `render_to_body'
/usr/local/rvm/gems/ruby-2.0.0-p247/gems/actionpack-4.0.0/lib/abstract_controller/rendering.rb:97:in `render'
/usr/local/rvm/gems/ruby-2.0.0-p247/gems/actionpack-4.0.0/lib/action_controller/metal/rendering.rb:16:in `render'
/usr/local/rvm/gems/ruby-2.0.0-p247/gems/actionpack-4.0.0/lib/action_controller/metal/instrumentation.rb:41:in `block (2 levels) in render'
/usr/local/rvm/gems/ruby-2.0.0-p247/gems/activesupport-4.0.0/lib/active_support/core_ext/benchmark.rb:12:in `block in ms'
/usr/local/rvm/rubies/ruby-2.0.0-p247/lib/ruby/2.0.0/benchmark.rb:296:in `realtime'
/usr/local/rvm/gems/ruby-2.0.0-p247/gems/activesupport-4.0.0/lib/active_support/core_ext/benchmark.rb:12:in `ms'
/usr/local/rvm/gems/ruby-2.0.0-p247/gems/actionpack-4.0.0/lib/action_controller/metal/instrumentation.rb:41:in `block in render'
/usr/local/rvm/gems/ruby-2.0.0-p247/gems/actionpack-4.0.0/lib/action_controller/metal/instrumentation.rb:84:in `cleanup_view_runtime'
/usr/local/rvm/gems/ruby-2.0.0-p247/gems/activerecord-4.0.0/lib/active_record/railties/controller_runtime.rb:25:in `cleanup_view_runtime'
/usr/local/rvm/gems/ruby-2.0.0-p247/gems/actionpack-4.0.0/lib/action_controller/metal/instrumentation.rb:40:in `render'
/usr/local/rvm/gems/ruby-2.0.0-p247/gems/actionpack-4.0.0/lib/action_controller/metal/implicit_render.rb:10:in `default_render'
/usr/local/rvm/gems/ruby-2.0.0-p247/gems/actionpack-4.0.0/lib/action_controller/metal/implicit_render.rb:5:in `send_action'
/usr/local/rvm/gems/ruby-2.0.0-p247/gems/actionpack-4.0.0/lib/abstract_controller/base.rb:189:in `process_action'
/usr/local/rvm/gems/ruby-2.0.0-p247/gems/actionpack-4.0.0/lib/action_controller/metal/rendering.rb:10:in `process_action'
/usr/local/rvm/gems/ruby-2.0.0-p247/gems/actionpack-4.0.0/lib/abstract_controller/callbacks.rb:18:in `block in process_action'
/usr/local/rvm/gems/ruby-2.0.0-p247/gems/activesupport-4.0.0/lib/active_support/callbacks.rb:403:in `_run__2611439730269253207__process_action__callbacks'
/usr/local/rvm/gems/ruby-2.0.0-p247/gems/activesupport-4.0.0/lib/active_support/callbacks.rb:80:in `run_callbacks'
/usr/local/rvm/gems/ruby-2.0.0-p247/gems/actionpack-4.0.0/lib/abstract_controller/callbacks.rb:17:in `process_action'
/usr/local/rvm/gems/ruby-2.0.0-p247/gems/actionpack-4.0.0/lib/action_controller/metal/rescue.rb:29:in `process_action'
/usr/local/rvm/gems/ruby-2.0.0-p247/gems/actionpack-4.0.0/lib/action_controller/metal/instrumentation.rb:31:in `block in process_action'
/usr/local/rvm/gems/ruby-2.0.0-p247/gems/activesupport-4.0.0/lib/active_support/notifications.rb:159:in `block in instrument'
/usr/local/rvm/gems/ruby-2.0.0-p247/gems/activesupport-4.0.0/lib/active_support/notifications/instrumenter.rb:20:in `instrument'
/usr/local/rvm/gems/ruby-2.0.0-p247/gems/activesupport-4.0.0/lib/active_support/notifications.rb:159:in `instrument'
/usr/local/rvm/gems/ruby-2.0.0-p247/gems/actionpack-4.0.0/lib/action_controller/metal/instrumentation.rb:30:in `process_action'
/usr/local/rvm/gems/ruby-2.0.0-p247/gems/actionpack-4.0.0/lib/action_controller/metal/params_wrapper.rb:245:in `process_action'
/usr/local/rvm/gems/ruby-2.0.0-p247/gems/activerecord-4.0.0/lib/active_record/railties/controller_runtime.rb:18:in `process_action'
/usr/local/rvm/gems/ruby-2.0.0-p247/gems/actionpack-4.0.0/lib/abstract_controller/base.rb:136:in `process'
/usr/local/rvm/gems/ruby-2.0.0-p247/gems/actionpack-4.0.0/lib/abstract_controller/rendering.rb:44:in `process'
/usr/local/rvm/gems/ruby-2.0.0-p247/gems/actionpack-4.0.0/lib/action_controller/metal.rb:195:in `dispatch'
/usr/local/rvm/gems/ruby-2.0.0-p247/gems/actionpack-4.0.0/lib/action_controller/metal/rack_delegation.rb:13:in `dispatch'
/usr/local/rvm/gems/ruby-2.0.0-p247/gems/actionpack-4.0.0/lib/action_controller/metal.rb:231:in `block in action'
/usr/local/rvm/gems/ruby-2.0.0-p247/gems/actionpack-4.0.0/lib/action_dispatch/routing/route_set.rb:80:in `call'
/usr/local/rvm/gems/ruby-2.0.0-p247/gems/actionpack-4.0.0/lib/action_dispatch/routing/route_set.rb:80:in `dispatch'
/usr/local/rvm/gems/ruby-2.0.0-p247/gems/actionpack-4.0.0/lib/action_dispatch/routing/route_set.rb:48:in `call'
/usr/local/rvm/gems/ruby-2.0.0-p247/gems/actionpack-4.0.0/lib/action_dispatch/journey/router.rb:71:in `block in call'
/usr/local/rvm/gems/ruby-2.0.0-p247/gems/actionpack-4.0.0/lib/action_dispatch/journey/router.rb:59:in `each'
/usr/local/rvm/gems/ruby-2.0.0-p247/gems/actionpack-4.0.0/lib/action_dispatch/journey/router.rb:59:in `call'
/usr/local/rvm/gems/ruby-2.0.0-p247/gems/actionpack-4.0.0/lib/action_dispatch/routing/route_set.rb:655:in `call'
/usr/local/rvm/gems/ruby-2.0.0-p247/gems/rack-1.5.2/lib/rack/etag.rb:23:in `call'
/usr/local/rvm/gems/ruby-2.0.0-p247/gems/rack-1.5.2/lib/rack/conditionalget.rb:25:in `call'
/usr/local/rvm/gems/ruby-2.0.0-p247/gems/rack-1.5.2/lib/rack/head.rb:11:in `call'
/usr/local/rvm/gems/ruby-2.0.0-p247/gems/actionpack-4.0.0/lib/action_dispatch/middleware/params_parser.rb:27:in `call'
/usr/local/rvm/gems/ruby-2.0.0-p247/gems/actionpack-4.0.0/lib/action_dispatch/middleware/flash.rb:241:in `call'
/usr/local/rvm/gems/ruby-2.0.0-p247/gems/rack-1.5.2/lib/rack/session/abstract/id.rb:225:in `context'
/usr/local/rvm/gems/ruby-2.0.0-p247/gems/rack-1.5.2/lib/rack/session/abstract/id.rb:220:in `call'
/usr/local/rvm/gems/ruby-2.0.0-p247/gems/actionpack-4.0.0/lib/action_dispatch/middleware/cookies.rb:486:in `call'
/usr/local/rvm/gems/ruby-2.0.0-p247/gems/activerecord-4.0.0/lib/active_record/query_cache.rb:36:in `call'
/usr/local/rvm/gems/ruby-2.0.0-p247/gems/activerecord-4.0.0/lib/active_record/connection_adapters/abstract/connection_pool.rb:626:in `call'
/usr/local/rvm/gems/ruby-2.0.0-p247/gems/activerecord-4.0.0/lib/active_record/migration.rb:369:in `call'
/usr/local/rvm/gems/ruby-2.0.0-p247/gems/actionpack-4.0.0/lib/action_dispatch/middleware/callbacks.rb:29:in `block in call'
/usr/local/rvm/gems/ruby-2.0.0-p247/gems/activesupport-4.0.0/lib/active_support/callbacks.rb:373:in `_run__391947113177683973__call__callbacks'
/usr/local/rvm/gems/ruby-2.0.0-p247/gems/activesupport-4.0.0/lib/active_support/callbacks.rb:80:in `run_callbacks'
/usr/local/rvm/gems/ruby-2.0.0-p247/gems/actionpack-4.0.0/lib/action_dispatch/middleware/callbacks.rb:27:in `call'
/usr/local/rvm/gems/ruby-2.0.0-p247/gems/actionpack-4.0.0/lib/action_dispatch/middleware/reloader.rb:64:in `call'
/usr/local/rvm/gems/ruby-2.0.0-p247/gems/actionpack-4.0.0/lib/action_dispatch/middleware/remote_ip.rb:76:in `call'
/usr/local/rvm/gems/ruby-2.0.0-p247/gems/actionpack-4.0.0/lib/action_dispatch/middleware/debug_exceptions.rb:17:in `call'
/usr/local/rvm/gems/ruby-2.0.0-p247/gems/actionpack-4.0.0/lib/action_dispatch/middleware/show_exceptions.rb:30:in `call'
/usr/local/rvm/gems/ruby-2.0.0-p247/gems/railties-4.0.0/lib/rails/rack/logger.rb:38:in `call_app'
/usr/local/rvm/gems/ruby-2.0.0-p247/gems/railties-4.0.0/lib/rails/rack/logger.rb:21:in `block in call'
/usr/local/rvm/gems/ruby-2.0.0-p247/gems/activesupport-4.0.0/lib/active_support/tagged_logging.rb:67:in `block in tagged'
/usr/local/rvm/gems/ruby-2.0.0-p247/gems/activesupport-4.0.0/lib/active_support/tagged_logging.rb:25:in `tagged'
/usr/local/rvm/gems/ruby-2.0.0-p247/gems/activesupport-4.0.0/lib/active_support/tagged_logging.rb:67:in `tagged'
/usr/local/rvm/gems/ruby-2.0.0-p247/gems/railties-4.0.0/lib/rails/rack/logger.rb:21:in `call'
/usr/local/rvm/gems/ruby-2.0.0-p247/gems/actionpack-4.0.0/lib/action_dispatch/middleware/request_id.rb:21:in `call'
/usr/local/rvm/gems/ruby-2.0.0-p247/gems/rack-1.5.2/lib/rack/methodoverride.rb:21:in `call'
/usr/local/rvm/gems/ruby-2.0.0-p247/gems/rack-1.5.2/lib/rack/runtime.rb:17:in `call'
/usr/local/rvm/gems/ruby-2.0.0-p247/gems/activesupport-4.0.0/lib/active_support/cache/strategy/local_cache.rb:83:in `call'
/usr/local/rvm/gems/ruby-2.0.0-p247/gems/rack-1.5.2/lib/rack/lock.rb:17:in `call'
/usr/local/rvm/gems/ruby-2.0.0-p247/gems/actionpack-4.0.0/lib/action_dispatch/middleware/static.rb:64:in `call'
/usr/local/rvm/gems/ruby-2.0.0-p247/gems/railties-4.0.0/lib/rails/engine.rb:511:in `call'
/usr/local/rvm/gems/ruby-2.0.0-p247/gems/railties-4.0.0/lib/rails/application.rb:97:in `call'
/usr/local/rvm/gems/ruby-2.0.0-p247/gems/rack-1.5.2/lib/rack/lock.rb:17:in `call'
/usr/local/rvm/gems/ruby-2.0.0-p247/gems/rack-1.5.2/lib/rack/content_length.rb:14:in `call'
/usr/local/rvm/gems/ruby-2.0.0-p247/gems/rack-1.5.2/lib/rack/handler/webrick.rb:60:in `service'
/usr/local/rvm/rubies/ruby-2.0.0-p247/lib/ruby/2.0.0/webrick/httpserver.rb:138:in `service'
/usr/local/rvm/rubies/ruby-2.0.0-p247/lib/ruby/2.0.0/webrick/httpserver.rb:94:in `run'
/usr/local/rvm/rubies/ruby-2.0.0-p247/lib/ruby/2.0.0/webrick/server.rb:295:in `block in start_thread'
  Rendered welcome/time.html.erb within layouts/application (5.2ms)
Completed 500 Internal Server Error in 8ms

ActionView::Template::Error (/Users/scottnoble/workspace/my_first_rails_app/app/views/welcome/time.html.erb:1: syntax error, unexpected tCONSTANT, expecting ')'
...d=( "The current time is " Time.now.utc.asctime );@output_bu...
...                               ^):
    1: <h1><%= "The current time is " Time.now.utc.asctime %></h1>
  actionpack (4.0.0) lib/action_view/template.rb:299:in `module_eval'
  actionpack (4.0.0) lib/action_view/template.rb:299:in `compile'
  actionpack (4.0.0) lib/action_view/template.rb:248:in `block in compile!'
  actionpack (4.0.0) lib/action_view/template.rb:236:in `synchronize'
  actionpack (4.0.0) lib/action_view/template.rb:236:in `compile!'
  actionpack (4.0.0) lib/action_view/template.rb:142:in `block in render'
  activesupport (4.0.0) lib/active_support/notifications.rb:161:in `instrument'
  actionpack (4.0.0) lib/action_view/template.rb:141:in `render'
  actionpack (4.0.0) lib/action_view/renderer/template_renderer.rb:49:in `block (2 levels) in render_template'
  actionpack (4.0.0) lib/action_view/renderer/abstract_renderer.rb:38:in `block in instrument'
  activesupport (4.0.0) lib/active_support/notifications.rb:159:in `block in instrument'
  activesupport (4.0.0) lib/active_support/notifications/instrumenter.rb:20:in `instrument'
  activesupport (4.0.0) lib/active_support/notifications.rb:159:in `instrument'
  actionpack (4.0.0) lib/action_view/renderer/abstract_renderer.rb:38:in `instrument'
  actionpack (4.0.0) lib/action_view/renderer/template_renderer.rb:48:in `block in render_template'
  actionpack (4.0.0) lib/action_view/renderer/template_renderer.rb:56:in `render_with_layout'
  actionpack (4.0.0) lib/action_view/renderer/template_renderer.rb:47:in `render_template'
  actionpack (4.0.0) lib/action_view/renderer/template_renderer.rb:17:in `render'
  actionpack (4.0.0) lib/action_view/renderer/renderer.rb:42:in `render_template'
  actionpack (4.0.0) lib/action_view/renderer/renderer.rb:23:in `render'
  actionpack (4.0.0) lib/abstract_controller/rendering.rb:127:in `_render_template'
  actionpack (4.0.0) lib/action_controller/metal/streaming.rb:219:in `_render_template'
  actionpack (4.0.0) lib/abstract_controller/rendering.rb:120:in `render_to_body'
  actionpack (4.0.0) lib/action_controller/metal/rendering.rb:33:in `render_to_body'
  actionpack (4.0.0) lib/action_controller/metal/renderers.rb:26:in `render_to_body'
  actionpack (4.0.0) lib/abstract_controller/rendering.rb:97:in `render'
  actionpack (4.0.0) lib/action_controller/metal/rendering.rb:16:in `render'
  actionpack (4.0.0) lib/action_controller/metal/instrumentation.rb:41:in `block (2 levels) in render'
  activesupport (4.0.0) lib/active_support/core_ext/benchmark.rb:12:in `block in ms'
  /usr/local/rvm/rubies/ruby-2.0.0-p247/lib/ruby/2.0.0/benchmark.rb:296:in `realtime'
  activesupport (4.0.0) lib/active_support/core_ext/benchmark.rb:12:in `ms'
  actionpack (4.0.0) lib/action_controller/metal/instrumentation.rb:41:in `block in render'
  actionpack (4.0.0) lib/action_controller/metal/instrumentation.rb:84:in `cleanup_view_runtime'
  activerecord (4.0.0) lib/active_record/railties/controller_runtime.rb:25:in `cleanup_view_runtime'
  actionpack (4.0.0) lib/action_controller/metal/instrumentation.rb:40:in `render'
  actionpack (4.0.0) lib/action_controller/metal/implicit_render.rb:10:in `default_render'
  actionpack (4.0.0) lib/action_controller/metal/implicit_render.rb:5:in `send_action'
  actionpack (4.0.0) lib/abstract_controller/base.rb:189:in `process_action'
  actionpack (4.0.0) lib/action_controller/metal/rendering.rb:10:in `process_action'
  actionpack (4.0.0) lib/abstract_controller/callbacks.rb:18:in `block in process_action'
  activesupport (4.0.0) lib/active_support/callbacks.rb:403:in `_run__2611439730269253207__process_action__callbacks'
  activesupport (4.0.0) lib/active_support/callbacks.rb:80:in `run_callbacks'
  actionpack (4.0.0) lib/abstract_controller/callbacks.rb:17:in `process_action'
  actionpack (4.0.0) lib/action_controller/metal/rescue.rb:29:in `process_action'
  actionpack (4.0.0) lib/action_controller/metal/instrumentation.rb:31:in `block in process_action'
  activesupport (4.0.0) lib/active_support/notifications.rb:159:in `block in instrument'
  activesupport (4.0.0) lib/active_support/notifications/instrumenter.rb:20:in `instrument'
  activesupport (4.0.0) lib/active_support/notifications.rb:159:in `instrument'
  actionpack (4.0.0) lib/action_controller/metal/instrumentation.rb:30:in `process_action'
  actionpack (4.0.0) lib/action_controller/metal/params_wrapper.rb:245:in `process_action'
  activerecord (4.0.0) lib/active_record/railties/controller_runtime.rb:18:in `process_action'
  actionpack (4.0.0) lib/abstract_controller/base.rb:136:in `process'
  actionpack (4.0.0) lib/abstract_controller/rendering.rb:44:in `process'
  actionpack (4.0.0) lib/action_controller/metal.rb:195:in `dispatch'
  actionpack (4.0.0) lib/action_controller/metal/rack_delegation.rb:13:in `dispatch'
  actionpack (4.0.0) lib/action_controller/metal.rb:231:in `block in action'
  actionpack (4.0.0) lib/action_dispatch/routing/route_set.rb:80:in `call'
  actionpack (4.0.0) lib/action_dispatch/routing/route_set.rb:80:in `dispatch'
  actionpack (4.0.0) lib/action_dispatch/routing/route_set.rb:48:in `call'
  actionpack (4.0.0) lib/action_dispatch/journey/router.rb:71:in `block in call'
  actionpack (4.0.0) lib/action_dispatch/journey/router.rb:59:in `each'
  actionpack (4.0.0) lib/action_dispatch/journey/router.rb:59:in `call'
  actionpack (4.0.0) lib/action_dispatch/routing/route_set.rb:655:in `call'
  rack (1.5.2) lib/rack/etag.rb:23:in `call'
  rack (1.5.2) lib/rack/conditionalget.rb:25:in `call'
  rack (1.5.2) lib/rack/head.rb:11:in `call'
  actionpack (4.0.0) lib/action_dispatch/middleware/params_parser.rb:27:in `call'
  actionpack (4.0.0) lib/action_dispatch/middleware/flash.rb:241:in `call'
  rack (1.5.2) lib/rack/session/abstract/id.rb:225:in `context'
  rack (1.5.2) lib/rack/session/abstract/id.rb:220:in `call'
  actionpack (4.0.0) lib/action_dispatch/middleware/cookies.rb:486:in `call'
  activerecord (4.0.0) lib/active_record/query_cache.rb:36:in `call'
  activerecord (4.0.0) lib/active_record/connection_adapters/abstract/connection_pool.rb:626:in `call'
  activerecord (4.0.0) lib/active_record/migration.rb:369:in `call'
  actionpack (4.0.0) lib/action_dispatch/middleware/callbacks.rb:29:in `block in call'
  activesupport (4.0.0) lib/active_support/callbacks.rb:373:in `_run__391947113177683973__call__callbacks'
  activesupport (4.0.0) lib/active_support/callbacks.rb:80:in `run_callbacks'
  actionpack (4.0.0) lib/action_dispatch/middleware/callbacks.rb:27:in `call'
  actionpack (4.0.0) lib/action_dispatch/middleware/reloader.rb:64:in `call'
  actionpack (4.0.0) lib/action_dispatch/middleware/remote_ip.rb:76:in `call'
  actionpack (4.0.0) lib/action_dispatch/middleware/debug_exceptions.rb:17:in `call'
  actionpack (4.0.0) lib/action_dispatch/middleware/show_exceptions.rb:30:in `call'
  railties (4.0.0) lib/rails/rack/logger.rb:38:in `call_app'
  railties (4.0.0) lib/rails/rack/logger.rb:21:in `block in call'
  activesupport (4.0.0) lib/active_support/tagged_logging.rb:67:in `block in tagged'
  activesupport (4.0.0) lib/active_support/tagged_logging.rb:25:in `tagged'
  activesupport (4.0.0) lib/active_support/tagged_logging.rb:67:in `tagged'
  railties (4.0.0) lib/rails/rack/logger.rb:21:in `call'
  actionpack (4.0.0) lib/action_dispatch/middleware/request_id.rb:21:in `call'
  rack (1.5.2) lib/rack/methodoverride.rb:21:in `call'
  rack (1.5.2) lib/rack/runtime.rb:17:in `call'
  activesupport (4.0.0) lib/active_support/cache/strategy/local_cache.rb:83:in `call'
  rack (1.5.2) lib/rack/lock.rb:17:in `call'
  actionpack (4.0.0) lib/action_dispatch/middleware/static.rb:64:in `call'
  railties (4.0.0) lib/rails/engine.rb:511:in `call'
  railties (4.0.0) lib/rails/application.rb:97:in `call'
  rack (1.5.2) lib/rack/lock.rb:17:in `call'
  rack (1.5.2) lib/rack/content_length.rb:14:in `call'
  rack (1.5.2) lib/rack/handler/webrick.rb:60:in `service'
  /usr/local/rvm/rubies/ruby-2.0.0-p247/lib/ruby/2.0.0/webrick/httpserver.rb:138:in `service'
  /usr/local/rvm/rubies/ruby-2.0.0-p247/lib/ruby/2.0.0/webrick/httpserver.rb:94:in `run'
  /usr/local/rvm/rubies/ruby-2.0.0-p247/lib/ruby/2.0.0/webrick/server.rb:295:in `block in start_thread'


  Rendered /usr/local/rvm/gems/ruby-2.0.0-p247/gems/actionpack-4.0.0/lib/action_dispatch/middleware/templates/rescues/_trace.erb (1.4ms)
  Rendered /usr/local/rvm/gems/ruby-2.0.0-p247/gems/actionpack-4.0.0/lib/action_dispatch/middleware/templates/rescues/_request_and_response.erb (1.0ms)
  Rendered /usr/local/rvm/gems/ruby-2.0.0-p247/gems/actionpack-4.0.0/lib/action_dispatch/middleware/templates/rescues/template_error.erb within rescues/layout (14.7ms)


Started GET "/time/now" for 127.0.0.1 at 2013-11-06 09:09:56 -0700
Processing by WelcomeController#time as HTML
  Rendered welcome/time.html.erb within layouts/application (0.4ms)
Completed 200 OK in 6ms (Views: 4.9ms | ActiveRecord: 0.0ms)


Started GET "/assets/application.css?body=1" for 127.0.0.1 at 2013-11-06 09:09:56 -0700


Started GET "/assets/jquery_ujs.js?body=1" for 127.0.0.1 at 2013-11-06 09:09:56 -0700


Started GET "/assets/jquery.js?body=1" for 127.0.0.1 at 2013-11-06 09:09:56 -0700


Started GET "/assets/turbolinks.js?body=1" for 127.0.0.1 at 2013-11-06 09:09:56 -0700


Started GET "/assets/application.js?body=1" for 127.0.0.1 at 2013-11-06 09:09:56 -0700


Started GET "/welcome/scott" for 127.0.0.1 at 2013-11-06 09:13:14 -0700

ActionController::RoutingError (No route matches [GET] "/welcome/scott"):
  actionpack (4.0.0) lib/action_dispatch/middleware/debug_exceptions.rb:21:in `call'
  actionpack (4.0.0) lib/action_dispatch/middleware/show_exceptions.rb:30:in `call'
  railties (4.0.0) lib/rails/rack/logger.rb:38:in `call_app'
  railties (4.0.0) lib/rails/rack/logger.rb:21:in `block in call'
  activesupport (4.0.0) lib/active_support/tagged_logging.rb:67:in `block in tagged'
  activesupport (4.0.0) lib/active_support/tagged_logging.rb:25:in `tagged'
  activesupport (4.0.0) lib/active_support/tagged_logging.rb:67:in `tagged'
  railties (4.0.0) lib/rails/rack/logger.rb:21:in `call'
  actionpack (4.0.0) lib/action_dispatch/middleware/request_id.rb:21:in `call'
  rack (1.5.2) lib/rack/methodoverride.rb:21:in `call'
  rack (1.5.2) lib/rack/runtime.rb:17:in `call'
  activesupport (4.0.0) lib/active_support/cache/strategy/local_cache.rb:83:in `call'
  rack (1.5.2) lib/rack/lock.rb:17:in `call'
  actionpack (4.0.0) lib/action_dispatch/middleware/static.rb:64:in `call'
  railties (4.0.0) lib/rails/engine.rb:511:in `call'
  railties (4.0.0) lib/rails/application.rb:97:in `call'
  rack (1.5.2) lib/rack/lock.rb:17:in `call'
  rack (1.5.2) lib/rack/content_length.rb:14:in `call'
  rack (1.5.2) lib/rack/handler/webrick.rb:60:in `service'
  /usr/local/rvm/rubies/ruby-2.0.0-p247/lib/ruby/2.0.0/webrick/httpserver.rb:138:in `service'
  /usr/local/rvm/rubies/ruby-2.0.0-p247/lib/ruby/2.0.0/webrick/httpserver.rb:94:in `run'
  /usr/local/rvm/rubies/ruby-2.0.0-p247/lib/ruby/2.0.0/webrick/server.rb:295:in `block in start_thread'


  Rendered /usr/local/rvm/gems/ruby-2.0.0-p247/gems/actionpack-4.0.0/lib/action_dispatch/middleware/templates/rescues/_trace.erb (1.4ms)
  Rendered /usr/local/rvm/gems/ruby-2.0.0-p247/gems/actionpack-4.0.0/lib/action_dispatch/middleware/templates/routes/_route.html.erb (0.9ms)
  Rendered /usr/local/rvm/gems/ruby-2.0.0-p247/gems/actionpack-4.0.0/lib/action_dispatch/middleware/templates/routes/_table.html.erb (7.1ms)
  Rendered /usr/local/rvm/gems/ruby-2.0.0-p247/gems/actionpack-4.0.0/lib/action_dispatch/middleware/templates/rescues/routing_error.erb within rescues/layout (30.4ms)


Started GET "/hello/scott" for 127.0.0.1 at 2013-11-06 09:13:25 -0700
Processing by WelcomeController#hello as HTML
  Parameters: {"name"=>"scott"}
  Rendered welcome/hello.html.erb within layouts/application (0.7ms)
Completed 200 OK in 6ms (Views: 5.5ms | ActiveRecord: 0.0ms)


Started GET "/assets/application.css?body=1" for 127.0.0.1 at 2013-11-06 09:13:25 -0700


Started GET "/assets/turbolinks.js?body=1" for 127.0.0.1 at 2013-11-06 09:13:25 -0700


Started GET "/assets/application.js?body=1" for 127.0.0.1 at 2013-11-06 09:13:25 -0700


Started GET "/assets/jquery.js?body=1" for 127.0.0.1 at 2013-11-06 09:13:25 -0700


Started GET "/assets/jquery_ujs.js?body=1" for 127.0.0.1 at 2013-11-06 09:13:25 -0700


Started GET "/introduce/bill/and/ted" for 127.0.0.1 at 2013-11-06 09:16:29 -0700
Processing by WelcomeController#introduce as HTML
  Parameters: {"name"=>"bill", "name2"=>"ted"}
  Rendered welcome/introduce.html.erb within layouts/application (1.5ms)
Completed 200 OK in 8ms (Views: 7.3ms | ActiveRecord: 0.0ms)


Started GET "/assets/application.css?body=1" for 127.0.0.1 at 2013-11-06 09:16:29 -0700


Started GET "/assets/jquery.js?body=1" for 127.0.0.1 at 2013-11-06 09:16:29 -0700


Started GET "/assets/jquery_ujs.js?body=1" for 127.0.0.1 at 2013-11-06 09:16:29 -0700


Started GET "/assets/turbolinks.js?body=1" for 127.0.0.1 at 2013-11-06 09:16:29 -0700


Started GET "/assets/application.js?body=1" for 127.0.0.1 at 2013-11-06 09:16:29 -0700


Started GET "/introduce/bill/and/ted" for 127.0.0.1 at 2013-11-06 09:17:21 -0700
Processing by WelcomeController#introduce as HTML
  Parameters: {"name"=>"bill", "name2"=>"ted"}
  Rendered welcome/introduce.html.erb within layouts/application (0.8ms)
Completed 200 OK in 4ms (Views: 3.9ms | ActiveRecord: 0.0ms)


Started GET "/assets/application.css?body=1" for 127.0.0.1 at 2013-11-06 09:17:21 -0700


Started GET "/assets/jquery_ujs.js?body=1" for 127.0.0.1 at 2013-11-06 09:17:21 -0700


Started GET "/assets/application.js?body=1" for 127.0.0.1 at 2013-11-06 09:17:21 -0700


Started GET "/assets/jquery.js?body=1" for 127.0.0.1 at 2013-11-06 09:17:21 -0700


Started GET "/assets/turbolinks.js?body=1" for 127.0.0.1 at 2013-11-06 09:17:21 -0700


Started GET "/introduce/rhonda/and/scott" for 127.0.0.1 at 2013-11-06 09:22:56 -0700
Processing by WelcomeController#introduce as HTML
  Parameters: {"name"=>"rhonda", "name2"=>"scott"}
  Rendered welcome/introduce.html.erb within layouts/application (0.6ms)
Completed 200 OK in 7ms (Views: 6.1ms | ActiveRecord: 0.0ms)


Started GET "/assets/application.css?body=1" for 127.0.0.1 at 2013-11-06 09:22:56 -0700


Started GET "/assets/turbolinks.js?body=1" for 127.0.0.1 at 2013-11-06 09:22:56 -0700


Started GET "/assets/jquery_ujs.js?body=1" for 127.0.0.1 at 2013-11-06 09:22:56 -0700


Started GET "/assets/application.js?body=1" for 127.0.0.1 at 2013-11-06 09:22:56 -0700


Started GET "/assets/jquery.js?body=1" for 127.0.0.1 at 2013-11-06 09:22:56 -0700


Started GET "/time/now" for 127.0.0.1 at 2013-11-06 09:23:09 -0700
Processing by WelcomeController#time as HTML
  Rendered welcome/time.html.erb within layouts/application (0.1ms)
Completed 200 OK in 6ms (Views: 5.3ms | ActiveRecord: 0.0ms)


Started GET "/assets/application.css?body=1" for 127.0.0.1 at 2013-11-06 09:23:09 -0700


Started GET "/assets/application.js?body=1" for 127.0.0.1 at 2013-11-06 09:23:09 -0700


Started GET "/assets/turbolinks.js?body=1" for 127.0.0.1 at 2013-11-06 09:23:09 -0700


Started GET "/assets/jquery_ujs.js?body=1" for 127.0.0.1 at 2013-11-06 09:23:09 -0700


Started GET "/assets/jquery.js?body=1" for 127.0.0.1 at 2013-11-06 09:23:09 -0700


Started GET "/time/now" for 127.0.0.1 at 2013-11-06 12:29:59 -0700
Processing by WelcomeController#time as HTML
  Rendered welcome/time.html.erb within layouts/application (1.0ms)
Completed 500 Internal Server Error in 3ms

ActionView::Template::Error (undefined method `asc' for 2013-11-06 12:29:59 -0700:Time):
    1: <% time = Time.now.asc %>
    2: <% time.to_s %>
    3: <h1><%= "The current time is #{time}" %></h1>
  app/views/welcome/time.html.erb:1:in `_app_views_welcome_time_html_erb___4152894481288699656_70178891280360'


  Rendered /usr/local/rvm/gems/ruby-2.0.0-p247/gems/actionpack-4.0.0/lib/action_dispatch/middleware/templates/rescues/_trace.erb (1.3ms)
  Rendered /usr/local/rvm/gems/ruby-2.0.0-p247/gems/actionpack-4.0.0/lib/action_dispatch/middleware/templates/rescues/_request_and_response.erb (1.0ms)
  Rendered /usr/local/rvm/gems/ruby-2.0.0-p247/gems/actionpack-4.0.0/lib/action_dispatch/middleware/templates/rescues/template_error.erb within rescues/layout (12.3ms)


Started GET "/time/now" for 127.0.0.1 at 2013-11-06 12:30:19 -0700
Processing by WelcomeController#time as HTML
  Rendered welcome/time.html.erb within layouts/application (1.1ms)
Completed 500 Internal Server Error in 4ms

ActionView::Template::Error (undefined method `asc' for 2013-11-06 12:30:19 -0700:Time):
    1: <%= time = Time.now.asc %>
    2: <%= time.to_s %>
    3: <h1><%= "The current time is #{time}" %></h1>
  app/views/welcome/time.html.erb:1:in `_app_views_welcome_time_html_erb___4152894481288699656_70178877168160'


  Rendered /usr/local/rvm/gems/ruby-2.0.0-p247/gems/actionpack-4.0.0/lib/action_dispatch/middleware/templates/rescues/_trace.erb (1.1ms)
  Rendered /usr/local/rvm/gems/ruby-2.0.0-p247/gems/actionpack-4.0.0/lib/action_dispatch/middleware/templates/rescues/_request_and_response.erb (0.9ms)
  Rendered /usr/local/rvm/gems/ruby-2.0.0-p247/gems/actionpack-4.0.0/lib/action_dispatch/middleware/templates/rescues/template_error.erb within rescues/layout (10.1ms)


Started GET "/time/now" for 127.0.0.1 at 2013-11-06 12:30:37 -0700
Processing by WelcomeController#time as HTML
  Rendered welcome/time.html.erb within layouts/application (1.1ms)
Completed 500 Internal Server Error in 4ms

ActionView::Template::Error (undefined method `asc' for 2013-11-06 12:30:37 -0700:Time):
    1: <%=time = Time.now.asc %>
    2: <%=time.to_s %>
    3: <h1><%="The current time is #{time}" %></h1>
  app/views/welcome/time.html.erb:1:in `_app_views_welcome_time_html_erb___4152894481288699656_70178860555400'


  Rendered /usr/local/rvm/gems/ruby-2.0.0-p247/gems/actionpack-4.0.0/lib/action_dispatch/middleware/templates/rescues/_trace.erb (1.3ms)
  Rendered /usr/local/rvm/gems/ruby-2.0.0-p247/gems/actionpack-4.0.0/lib/action_dispatch/middleware/templates/rescues/_request_and_response.erb (1.0ms)
  Rendered /usr/local/rvm/gems/ruby-2.0.0-p247/gems/actionpack-4.0.0/lib/action_dispatch/middleware/templates/rescues/template_error.erb within rescues/layout (17.1ms)


Started GET "/time/now" for 127.0.0.1 at 2013-11-06 12:30:59 -0700
Processing by WelcomeController#time as HTML
  Rendered welcome/time.html.erb within layouts/application (0.7ms)
Completed 200 OK in 7ms (Views: 5.7ms | ActiveRecord: 0.0ms)


Started GET "/assets/jquery.js?body=1" for 127.0.0.1 at 2013-11-06 12:30:59 -0700


Started GET "/assets/application.css?body=1" for 127.0.0.1 at 2013-11-06 12:30:59 -0700


Started GET "/assets/jquery_ujs.js?body=1" for 127.0.0.1 at 2013-11-06 12:30:59 -0700


Started GET "/assets/turbolinks.js?body=1" for 127.0.0.1 at 2013-11-06 12:30:59 -0700


Started GET "/assets/application.js?body=1" for 127.0.0.1 at 2013-11-06 12:30:59 -0700


Started GET "/time/now" for 127.0.0.1 at 2013-11-06 12:31:26 -0700
Processing by WelcomeController#time as HTML
  Rendered welcome/time.html.erb within layouts/application (0.1ms)
Completed 200 OK in 4ms (Views: 3.0ms | ActiveRecord: 0.0ms)


Started GET "/assets/turbolinks.js?body=1" for 127.0.0.1 at 2013-11-06 12:31:26 -0700


Started GET "/assets/application.css?body=1" for 127.0.0.1 at 2013-11-06 12:31:26 -0700


Started GET "/assets/jquery.js?body=1" for 127.0.0.1 at 2013-11-06 12:31:26 -0700


Started GET "/assets/application.js?body=1" for 127.0.0.1 at 2013-11-06 12:31:26 -0700


Started GET "/assets/jquery_ujs.js?body=1" for 127.0.0.1 at 2013-11-06 12:31:26 -0700


Started GET "/time/now" for 127.0.0.1 at 2013-11-06 12:31:30 -0700
Processing by WelcomeController#time as HTML
  Rendered welcome/time.html.erb within layouts/application (0.5ms)
Completed 200 OK in 5ms (Views: 4.0ms | ActiveRecord: 0.0ms)


Started GET "/assets/application.css?body=1" for 127.0.0.1 at 2013-11-06 12:31:30 -0700


Started GET "/assets/jquery.js?body=1" for 127.0.0.1 at 2013-11-06 12:31:30 -0700


Started GET "/assets/application.js?body=1" for 127.0.0.1 at 2013-11-06 12:31:30 -0700


Started GET "/assets/jquery_ujs.js?body=1" for 127.0.0.1 at 2013-11-06 12:31:30 -0700


Started GET "/assets/turbolinks.js?body=1" for 127.0.0.1 at 2013-11-06 12:31:30 -0700


Started GET "/time/now" for 127.0.0.1 at 2013-11-06 12:31:32 -0700
Processing by WelcomeController#time as HTML
  Rendered welcome/time.html.erb within layouts/application (0.1ms)
Completed 200 OK in 3ms (Views: 2.9ms | ActiveRecord: 0.0ms)


Started GET "/assets/application.css?body=1" for 127.0.0.1 at 2013-11-06 12:31:32 -0700


Started GET "/assets/jquery.js?body=1" for 127.0.0.1 at 2013-11-06 12:31:32 -0700


Started GET "/assets/application.js?body=1" for 127.0.0.1 at 2013-11-06 12:31:32 -0700


Started GET "/assets/turbolinks.js?body=1" for 127.0.0.1 at 2013-11-06 12:31:32 -0700


Started GET "/assets/jquery_ujs.js?body=1" for 127.0.0.1 at 2013-11-06 12:31:32 -0700


Started GET "/time/now" for 127.0.0.1 at 2013-11-06 12:31:39 -0700
Processing by WelcomeController#time as HTML
  Rendered welcome/time.html.erb within layouts/application (0.1ms)
Completed 200 OK in 3ms (Views: 2.7ms | ActiveRecord: 0.0ms)


Started GET "/assets/application.css?body=1" for 127.0.0.1 at 2013-11-06 12:31:39 -0700


Started GET "/assets/jquery_ujs.js?body=1" for 127.0.0.1 at 2013-11-06 12:31:39 -0700


Started GET "/assets/application.js?body=1" for 127.0.0.1 at 2013-11-06 12:31:39 -0700


Started GET "/assets/turbolinks.js?body=1" for 127.0.0.1 at 2013-11-06 12:31:39 -0700


Started GET "/assets/jquery.js?body=1" for 127.0.0.1 at 2013-11-06 12:31:39 -0700


Started GET "/time/now" for 127.0.0.1 at 2013-11-06 12:35:12 -0700
Processing by WelcomeController#time as HTML
  Rendered welcome/time.html.erb within layouts/application (0.4ms)
Completed 200 OK in 4ms (Views: 3.4ms | ActiveRecord: 0.0ms)


Started GET "/assets/jquery.js?body=1" for 127.0.0.1 at 2013-11-06 12:35:12 -0700


Started GET "/assets/jquery_ujs.js?body=1" for 127.0.0.1 at 2013-11-06 12:35:12 -0700


Started GET "/assets/application.css?body=1" for 127.0.0.1 at 2013-11-06 12:35:12 -0700


Started GET "/assets/application.js?body=1" for 127.0.0.1 at 2013-11-06 12:35:12 -0700


Started GET "/assets/turbolinks.js?body=1" for 127.0.0.1 at 2013-11-06 12:35:12 -0700


Started GET "/time/now" for 127.0.0.1 at 2013-11-06 12:35:38 -0700
Processing by WelcomeController#time as HTML
  Rendered welcome/time.html.erb within layouts/application (0.6ms)
Completed 200 OK in 5ms (Views: 4.4ms | ActiveRecord: 0.0ms)


Started GET "/assets/application.css?body=1" for 127.0.0.1 at 2013-11-06 12:35:38 -0700


Started GET "/assets/jquery.js?body=1" for 127.0.0.1 at 2013-11-06 12:35:38 -0700


Started GET "/assets/turbolinks.js?body=1" for 127.0.0.1 at 2013-11-06 12:35:38 -0700


Started GET "/assets/jquery_ujs.js?body=1" for 127.0.0.1 at 2013-11-06 12:35:38 -0700


Started GET "/assets/application.js?body=1" for 127.0.0.1 at 2013-11-06 12:35:38 -0700


Started GET "/time/now" for 127.0.0.1 at 2013-11-06 12:39:36 -0700
Processing by WelcomeController#time as HTML
  Rendered welcome/time.html.erb within layouts/application (8.2ms)
Completed 500 Internal Server Error in 11ms

ActionView::Template::Error (undefined method `time' for #<#<Class:0x007fa797c2e9d0>:0x007fa7951b1b58>):
    1: <% time = Time.now.asctime %>
    2: <% day = time(0,3)
    3:    time.to_s.insert(3, ",") %>
    4: 
    5: <h1><%="The current time is #{day}#{time}" %></h1>
  app/views/welcome/time.html.erb:2:in `_app_views_welcome_time_html_erb___4152894481288699656_70178868921660'


  Rendered /usr/local/rvm/gems/ruby-2.0.0-p247/gems/actionpack-4.0.0/lib/action_dispatch/middleware/templates/rescues/_trace.erb (1.1ms)
  Rendered /usr/local/rvm/gems/ruby-2.0.0-p247/gems/actionpack-4.0.0/lib/action_dispatch/middleware/templates/rescues/_request_and_response.erb (0.9ms)
  Rendered /usr/local/rvm/gems/ruby-2.0.0-p247/gems/actionpack-4.0.0/lib/action_dispatch/middleware/templates/rescues/template_error.erb within rescues/layout (10.4ms)


Started GET "/time/now" for 127.0.0.1 at 2013-11-06 12:40:06 -0700
Processing by WelcomeController#time as HTML
  Rendered welcome/time.html.erb within layouts/application (0.5ms)
Completed 200 OK in 5ms (Views: 3.9ms | ActiveRecord: 0.0ms)


Started GET "/assets/application.css?body=1" for 127.0.0.1 at 2013-11-06 12:40:06 -0700


Started GET "/assets/jquery.js?body=1" for 127.0.0.1 at 2013-11-06 12:40:06 -0700


Started GET "/assets/jquery_ujs.js?body=1" for 127.0.0.1 at 2013-11-06 12:40:06 -0700


Started GET "/assets/turbolinks.js?body=1" for 127.0.0.1 at 2013-11-06 12:40:06 -0700


Started GET "/assets/application.js?body=1" for 127.0.0.1 at 2013-11-06 12:40:06 -0700


Started GET "/time/now" for 127.0.0.1 at 2013-11-06 12:42:47 -0700
Processing by WelcomeController#time as HTML
  Rendered welcome/time.html.erb within layouts/application (1.0ms)
Completed 500 Internal Server Error in 3ms

ActionView::Template::Error (undefined method `[]' for 2013-11-06 12:42:47 -0700:Time):
    1: <% time = Time.now.asctime %>
    2: <% day_of_week = Time.now.asctime[0,3]
    3:    day_of_month = Time.now[9,10]%>
    4: 
    5: <h1><%="The current time is #{day_of_week}, #{day_of_month} #{time}" %></h1>
  app/views/welcome/time.html.erb:3:in `_app_views_welcome_time_html_erb___4152894481288699656_70178866179420'


  Rendered /usr/local/rvm/gems/ruby-2.0.0-p247/gems/actionpack-4.0.0/lib/action_dispatch/middleware/templates/rescues/_trace.erb (1.3ms)
  Rendered /usr/local/rvm/gems/ruby-2.0.0-p247/gems/actionpack-4.0.0/lib/action_dispatch/middleware/templates/rescues/_request_and_response.erb (0.8ms)
  Rendered /usr/local/rvm/gems/ruby-2.0.0-p247/gems/actionpack-4.0.0/lib/action_dispatch/middleware/templates/rescues/template_error.erb within rescues/layout (12.1ms)


Started GET "/time/now" for 127.0.0.1 at 2013-11-06 12:43:21 -0700
Processing by WelcomeController#time as HTML
  Rendered welcome/time.html.erb within layouts/application (1.0ms)
Completed 200 OK in 7ms (Views: 5.8ms | ActiveRecord: 0.0ms)


Started GET "/assets/application.css?body=1" for 127.0.0.1 at 2013-11-06 12:43:21 -0700


Started GET "/assets/jquery.js?body=1" for 127.0.0.1 at 2013-11-06 12:43:21 -0700


Started GET "/assets/jquery_ujs.js?body=1" for 127.0.0.1 at 2013-11-06 12:43:21 -0700


Started GET "/assets/turbolinks.js?body=1" for 127.0.0.1 at 2013-11-06 12:43:21 -0700


Started GET "/assets/application.js?body=1" for 127.0.0.1 at 2013-11-06 12:43:21 -0700


Started GET "/time/now" for 127.0.0.1 at 2013-11-06 12:44:06 -0700
Processing by WelcomeController#time as HTML
  Rendered welcome/time.html.erb within layouts/application (0.4ms)
Completed 200 OK in 4ms (Views: 3.8ms | ActiveRecord: 0.0ms)


Started GET "/assets/application.css?body=1" for 127.0.0.1 at 2013-11-06 12:44:06 -0700


Started GET "/assets/jquery_ujs.js?body=1" for 127.0.0.1 at 2013-11-06 12:44:06 -0700


Started GET "/assets/turbolinks.js?body=1" for 127.0.0.1 at 2013-11-06 12:44:06 -0700


Started GET "/assets/jquery.js?body=1" for 127.0.0.1 at 2013-11-06 12:44:06 -0700


Started GET "/assets/application.js?body=1" for 127.0.0.1 at 2013-11-06 12:44:06 -0700


Started GET "/time/now" for 127.0.0.1 at 2013-11-06 12:45:47 -0700
Processing by WelcomeController#time as HTML
  Rendered welcome/time.html.erb within layouts/application (0.4ms)
Completed 200 OK in 4ms (Views: 3.4ms | ActiveRecord: 0.0ms)


Started GET "/assets/application.css?body=1" for 127.0.0.1 at 2013-11-06 12:45:47 -0700


Started GET "/assets/jquery.js?body=1" for 127.0.0.1 at 2013-11-06 12:45:47 -0700


Started GET "/assets/jquery_ujs.js?body=1" for 127.0.0.1 at 2013-11-06 12:45:47 -0700


Started GET "/assets/application.js?body=1" for 127.0.0.1 at 2013-11-06 12:45:47 -0700


Started GET "/assets/turbolinks.js?body=1" for 127.0.0.1 at 2013-11-06 12:45:47 -0700


Started GET "/time/now" for 127.0.0.1 at 2013-11-06 12:48:21 -0700
Processing by WelcomeController#time as HTML
  Rendered welcome/time.html.erb within layouts/application (1.2ms)
Completed 500 Internal Server Error in 3ms

ActionView::Template::Error (undefined method `[]' for 2013-11-06 12:48:21 -0700:Time):
    2: <% day_of_week = Time.now.asctime[0,3]
    3:    day_of_month = Time.now.to_s[8,2]
    4:    month = Time.now.asctime[4,3]
    5:    year = Time.now[0,4]%>
    6: <h1><%="The current time is #{day_of_week}, #{day_of_month} #{month} " %></h1>
  app/views/welcome/time.html.erb:5:in `_app_views_welcome_time_html_erb___4152894481288699656_70178877311960'


  Rendered /usr/local/rvm/gems/ruby-2.0.0-p247/gems/actionpack-4.0.0/lib/action_dispatch/middleware/templates/rescues/_trace.erb (2.0ms)
  Rendered /usr/local/rvm/gems/ruby-2.0.0-p247/gems/actionpack-4.0.0/lib/action_dispatch/middleware/templates/rescues/_request_and_response.erb (1.1ms)
  Rendered /usr/local/rvm/gems/ruby-2.0.0-p247/gems/actionpack-4.0.0/lib/action_dispatch/middleware/templates/rescues/template_error.erb within rescues/layout (15.1ms)


Started GET "/time/now" for 127.0.0.1 at 2013-11-06 13:05:21 -0700
Processing by WelcomeController#time as HTML
  Rendered welcome/time.html.erb within layouts/application (0.5ms)
Completed 200 OK in 5ms (Views: 4.3ms | ActiveRecord: 0.0ms)


Started GET "/assets/application.css?body=1" for 127.0.0.1 at 2013-11-06 13:05:21 -0700


Started GET "/assets/jquery_ujs.js?body=1" for 127.0.0.1 at 2013-11-06 13:05:21 -0700


Started GET "/assets/turbolinks.js?body=1" for 127.0.0.1 at 2013-11-06 13:05:21 -0700


Started GET "/assets/jquery.js?body=1" for 127.0.0.1 at 2013-11-06 13:05:21 -0700


Started GET "/assets/application.js?body=1" for 127.0.0.1 at 2013-11-06 13:05:21 -0700


Started GET "/time/now" for 127.0.0.1 at 2013-11-06 13:06:06 -0700
Processing by WelcomeController#time as HTML
  Rendered welcome/time.html.erb within layouts/application (0.6ms)
Completed 200 OK in 5ms (Views: 4.8ms | ActiveRecord: 0.0ms)


Started GET "/assets/application.css?body=1" for 127.0.0.1 at 2013-11-06 13:06:06 -0700


Started GET "/assets/jquery.js?body=1" for 127.0.0.1 at 2013-11-06 13:06:06 -0700


Started GET "/assets/jquery_ujs.js?body=1" for 127.0.0.1 at 2013-11-06 13:06:06 -0700


Started GET "/assets/turbolinks.js?body=1" for 127.0.0.1 at 2013-11-06 13:06:06 -0700


Started GET "/assets/application.js?body=1" for 127.0.0.1 at 2013-11-06 13:06:06 -0700


Started GET "/time/now" for 127.0.0.1 at 2013-11-06 13:07:16 -0700
Processing by WelcomeController#time as HTML
  Rendered welcome/time.html.erb within layouts/application (0.5ms)
Completed 200 OK in 5ms (Views: 4.2ms | ActiveRecord: 0.0ms)


Started GET "/assets/application.css?body=1" for 127.0.0.1 at 2013-11-06 13:07:16 -0700


Started GET "/assets/jquery_ujs.js?body=1" for 127.0.0.1 at 2013-11-06 13:07:16 -0700


Started GET "/assets/jquery.js?body=1" for 127.0.0.1 at 2013-11-06 13:07:16 -0700


Started GET "/assets/turbolinks.js?body=1" for 127.0.0.1 at 2013-11-06 13:07:16 -0700


Started GET "/assets/application.js?body=1" for 127.0.0.1 at 2013-11-06 13:07:16 -0700


Started GET "/time/now" for 127.0.0.1 at 2013-11-06 13:08:47 -0700
Processing by WelcomeController#time as HTML
  Rendered welcome/time.html.erb within layouts/application (0.5ms)
Completed 200 OK in 4ms (Views: 3.7ms | ActiveRecord: 0.0ms)


Started GET "/assets/application.css?body=1" for 127.0.0.1 at 2013-11-06 13:08:47 -0700


Started GET "/assets/jquery_ujs.js?body=1" for 127.0.0.1 at 2013-11-06 13:08:47 -0700


Started GET "/assets/jquery.js?body=1" for 127.0.0.1 at 2013-11-06 13:08:47 -0700


Started GET "/assets/application.js?body=1" for 127.0.0.1 at 2013-11-06 13:08:47 -0700


Started GET "/assets/turbolinks.js?body=1" for 127.0.0.1 at 2013-11-06 13:08:47 -0700


Started GET "/time/now" for 127.0.0.1 at 2013-11-06 13:12:11 -0700
Processing by WelcomeController#time as HTML
  Rendered welcome/time.html.erb within layouts/application (0.5ms)
Completed 200 OK in 4ms (Views: 3.6ms | ActiveRecord: 0.0ms)


Started GET "/assets/jquery.js?body=1" for 127.0.0.1 at 2013-11-06 13:12:12 -0700


Started GET "/assets/jquery_ujs.js?body=1" for 127.0.0.1 at 2013-11-06 13:12:12 -0700


Started GET "/assets/turbolinks.js?body=1" for 127.0.0.1 at 2013-11-06 13:12:12 -0700


Started GET "/assets/application.css?body=1" for 127.0.0.1 at 2013-11-06 13:12:12 -0700


Started GET "/assets/application.js?body=1" for 127.0.0.1 at 2013-11-06 13:12:12 -0700


Started GET "/time/now" for 127.0.0.1 at 2013-11-06 13:12:40 -0700
Processing by WelcomeController#time as HTML
  Rendered welcome/time.html.erb within layouts/application (0.5ms)
Completed 200 OK in 4ms (Views: 3.5ms | ActiveRecord: 0.0ms)


Started GET "/assets/application.css?body=1" for 127.0.0.1 at 2013-11-06 13:12:40 -0700


Started GET "/assets/jquery_ujs.js?body=1" for 127.0.0.1 at 2013-11-06 13:12:40 -0700


Started GET "/assets/jquery.js?body=1" for 127.0.0.1 at 2013-11-06 13:12:40 -0700


Started GET "/assets/application.js?body=1" for 127.0.0.1 at 2013-11-06 13:12:40 -0700


Started GET "/assets/turbolinks.js?body=1" for 127.0.0.1 at 2013-11-06 13:12:40 -0700


Started GET "/time/now" for 127.0.0.1 at 2013-11-06 13:12:43 -0700
Processing by WelcomeController#time as HTML
  Rendered welcome/time.html.erb within layouts/application (0.1ms)
Completed 200 OK in 4ms (Views: 3.0ms | ActiveRecord: 0.0ms)


Started GET "/assets/application.css?body=1" for 127.0.0.1 at 2013-11-06 13:12:43 -0700


Started GET "/assets/jquery_ujs.js?body=1" for 127.0.0.1 at 2013-11-06 13:12:43 -0700


Started GET "/assets/turbolinks.js?body=1" for 127.0.0.1 at 2013-11-06 13:12:43 -0700


Started GET "/assets/application.js?body=1" for 127.0.0.1 at 2013-11-06 13:12:43 -0700


Started GET "/assets/jquery.js?body=1" for 127.0.0.1 at 2013-11-06 13:12:43 -0700


Started GET "/time/now" for 127.0.0.1 at 2013-11-06 13:27:52 -0700
Processing by WelcomeController#time as HTML
  Rendered welcome/time.html.erb within layouts/application (0.4ms)
Completed 200 OK in 4ms (Views: 3.4ms | ActiveRecord: 0.0ms)


Started GET "/assets/application.css?body=1" for 127.0.0.1 at 2013-11-06 13:27:52 -0700


Started GET "/assets/jquery.js?body=1" for 127.0.0.1 at 2013-11-06 13:27:52 -0700


Started GET "/assets/jquery_ujs.js?body=1" for 127.0.0.1 at 2013-11-06 13:27:52 -0700


Started GET "/assets/application.js?body=1" for 127.0.0.1 at 2013-11-06 13:27:52 -0700


Started GET "/assets/turbolinks.js?body=1" for 127.0.0.1 at 2013-11-06 13:27:52 -0700


Started GET "/time/now" for 127.0.0.1 at 2013-11-06 13:28:16 -0700
Processing by WelcomeController#time as HTML
  Rendered welcome/time.html.erb within layouts/application (0.4ms)
Completed 200 OK in 4ms (Views: 3.7ms | ActiveRecord: 0.0ms)


Started GET "/assets/application.css?body=1" for 127.0.0.1 at 2013-11-06 13:28:16 -0700


Started GET "/assets/jquery_ujs.js?body=1" for 127.0.0.1 at 2013-11-06 13:28:16 -0700


Started GET "/assets/jquery.js?body=1" for 127.0.0.1 at 2013-11-06 13:28:16 -0700


Started GET "/assets/turbolinks.js?body=1" for 127.0.0.1 at 2013-11-06 13:28:16 -0700


Started GET "/assets/application.js?body=1" for 127.0.0.1 at 2013-11-06 13:28:16 -0700
